  stage.cpp
F:\Game Jams\Projects\ShootEmUp\ShootEmUp\stage.cpp(254,28): warning C4244: '=': conversion from 'int' to 'float', possible loss of data
F:\Game Jams\Projects\ShootEmUp\ShootEmUp\stage.cpp(255,28): warning C4244: '=': conversion from 'int' to 'float', possible loss of data
F:\Game Jams\Projects\ShootEmUp\ShootEmUp\stage.cpp(256,25): warning C4244: '=': conversion from 'int' to 'float', possible loss of data
F:\Game Jams\Projects\ShootEmUp\ShootEmUp\stage.cpp(257,25): warning C4244: '=': conversion from 'int' to 'float', possible loss of data
F:\Game Jams\Projects\ShootEmUp\ShootEmUp\stage.cpp(308,25): warning C4244: '=': conversion from 'int' to 'float', possible loss of data
F:\Game Jams\Projects\ShootEmUp\ShootEmUp\stage.cpp(309,12): warning C4244: '=': conversion from 'int' to 'float', possible loss of data
F:\Game Jams\Projects\ShootEmUp\ShootEmUp\stage.cpp(356,26): warning C4244: 'argument': conversion from 'float' to 'int', possible loss of data
F:\Game Jams\Projects\ShootEmUp\ShootEmUp\stage.cpp(356,20): warning C4244: 'argument': conversion from 'float' to 'int', possible loss of data
F:\Game Jams\Projects\ShootEmUp\ShootEmUp\stage.cpp(398,77): warning C4244: 'argument': conversion from 'float' to 'int', possible loss of data
F:\Game Jams\Projects\ShootEmUp\ShootEmUp\stage.cpp(398,71): warning C4244: 'argument': conversion from 'float' to 'int', possible loss of data
F:\Game Jams\Projects\ShootEmUp\ShootEmUp\stage.cpp(398,51): warning C4244: 'argument': conversion from 'float' to 'int', possible loss of data
F:\Game Jams\Projects\ShootEmUp\ShootEmUp\stage.cpp(398,22): warning C4244: 'argument': conversion from 'float' to 'int', possible loss of data
F:\Game Jams\Projects\ShootEmUp\ShootEmUp\stage.cpp(409,85): warning C4244: 'argument': conversion from 'float' to 'int', possible loss of data
F:\Game Jams\Projects\ShootEmUp\ShootEmUp\stage.cpp(409,79): warning C4244: 'argument': conversion from 'float' to 'int', possible loss of data
F:\Game Jams\Projects\ShootEmUp\ShootEmUp\stage.cpp(409,51): warning C4244: 'argument': conversion from 'float' to 'int', possible loss of data
F:\Game Jams\Projects\ShootEmUp\ShootEmUp\stage.cpp(409,40): warning C4244: 'argument': conversion from 'float' to 'int', possible loss of data
F:\Game Jams\Projects\ShootEmUp\ShootEmUp\stage.cpp(429,45): warning C4244: '=': conversion from 'int' to 'float', possible loss of data
F:\Game Jams\Projects\ShootEmUp\ShootEmUp\stage.cpp(449,15): warning C4244: '=': conversion from 'int' to 'float', possible loss of data
F:\Game Jams\Projects\ShootEmUp\ShootEmUp\stage.cpp(485,87): warning C4244: 'argument': conversion from 'float' to 'int', possible loss of data
F:\Game Jams\Projects\ShootEmUp\ShootEmUp\stage.cpp(485,81): warning C4244: 'argument': conversion from 'float' to 'int', possible loss of data
F:\Game Jams\Projects\ShootEmUp\ShootEmUp\stage.cpp(485,63): warning C4244: 'argument': conversion from 'float' to 'int', possible loss of data
F:\Game Jams\Projects\ShootEmUp\ShootEmUp\stage.cpp(485,57): warning C4244: 'argument': conversion from 'float' to 'int', possible loss of data
F:\Game Jams\Projects\ShootEmUp\ShootEmUp\stage.cpp(502,70): warning C4244: 'argument': conversion from 'float' to 'int', possible loss of data
F:\Game Jams\Projects\ShootEmUp\ShootEmUp\stage.cpp(502,64): warning C4244: 'argument': conversion from 'float' to 'int', possible loss of data
F:\Game Jams\Projects\ShootEmUp\ShootEmUp\stage.cpp(502,46): warning C4244: 'argument': conversion from 'float' to 'int', possible loss of data
F:\Game Jams\Projects\ShootEmUp\ShootEmUp\stage.cpp(502,40): warning C4244: 'argument': conversion from 'float' to 'int', possible loss of data
F:\Game Jams\Projects\ShootEmUp\ShootEmUp\stage.cpp(553,42): warning C4244: 'argument': conversion from 'float' to 'int', possible loss of data
F:\Game Jams\Projects\ShootEmUp\ShootEmUp\stage.cpp(553,31): warning C4244: 'argument': conversion from 'float' to 'int', possible loss of data
F:\Game Jams\Projects\ShootEmUp\ShootEmUp\stage.cpp(562,27): warning C4244: 'argument': conversion from 'float' to 'int', possible loss of data
F:\Game Jams\Projects\ShootEmUp\ShootEmUp\stage.cpp(562,21): warning C4244: 'argument': conversion from 'float' to 'int', possible loss of data
F:\Game Jams\Projects\ShootEmUp\ShootEmUp\stage.cpp(571,27): warning C4244: 'argument': conversion from 'float' to 'int', possible loss of data
F:\Game Jams\Projects\ShootEmUp\ShootEmUp\stage.cpp(571,21): warning C4244: 'argument': conversion from 'float' to 'int', possible loss of data
F:\Game Jams\Projects\ShootEmUp\ShootEmUp\stage.cpp(608,41): warning C4244: 'argument': conversion from 'float' to 'int', possible loss of data
F:\Game Jams\Projects\ShootEmUp\ShootEmUp\stage.cpp(608,35): warning C4244: 'argument': conversion from 'float' to 'int', possible loss of data
F:\Game Jams\Projects\ShootEmUp\ShootEmUp\stage.cpp(624,33): warning C4244: 'argument': conversion from 'float' to 'int', possible loss of data
F:\Game Jams\Projects\ShootEmUp\ShootEmUp\stage.cpp(624,27): warning C4244: 'argument': conversion from 'float' to 'int', possible loss of data
F:\Game Jams\Projects\ShootEmUp\ShootEmUp\stage.cpp(633,12): warning C4244: '=': conversion from 'float' to 'long', possible loss of data
F:\Game Jams\Projects\ShootEmUp\ShootEmUp\stage.cpp(644,21): warning C4305: '+=': truncation from 'double' to 'float'
F:\Game Jams\Projects\ShootEmUp\ShootEmUp\stage.cpp(669,30): warning C4244: '=': conversion from 'int' to 'float', possible loss of data
  ShootEmUp.vcxproj -> F:\Game Jams\Projects\ShootEmUp\x64\Debug\ShootEmUp.exe
